# JRE version: OpenJDK Runtime Environment (17.0.6) (build 17.0.6+0-b2043.56-10027231)
# Java VM: OpenJDK 64-Bit Server VM (17.0.6+0-b2043.56-10027231, mixed mode, tiered, compressed oops, compressed class ptrs, g1 gc, windows-amd64)
GC Precious Log:
 CPUs: 12 total, 12 available
 Memory: 7581M
 Large Page Support: Disabled
 NUMA Support: Disabled
 Compressed Oops: Enabled (32-bit)
 Heap Region Size: 1M
 Heap Min Capacity: 8M
 Heap Initial Capacity: 120M
 Heap Max Capacity: 1896M
 Pre-touch: Disabled
 Parallel Workers: 10
 Concurrent Workers: 3
 Concurrent Refinement Workers: 10
 Periodic GC: Disabled
Heap:
 garbage-first heap   total 182272K, used 107528K [0x0000000089800000, 0x0000000100000000)
  region size 1024K, 5 young (5120K), 5 survivors (5120K)
 Metaspace       used 95261K, committed 95616K, reserved 1138688K
  class space    used 10436K, committed 10624K, reserved 1048576K
GC Heap History (20 events):
Event: 5.579 GC heap after
{Heap after GC invocations=22 (full 0):
 garbage-first heap   total 91136K, used 56575K [0x0000000089800000, 0x0000000100000000)
  region size 1024K, 1 young (1024K), 1 survivors (1024K)
 Metaspace       used 60835K, committed 61120K, reserved 1105920K
  class space    used 7201K, committed 7296K, reserved 1048576K
}
Event: 5.719 GC heap before
{Heap before GC invocations=22 (full 0):
 garbage-first heap   total 91136K, used 72959K [0x0000000089800000, 0x0000000100000000)
  region size 1024K, 17 young (17408K), 1 survivors (1024K)
 Metaspace       used 61019K, committed 61312K, reserved 1105920K
  class space    used 7201K, committed 7296K, reserved 1048576K
}
Event: 5.728 GC heap after
{Heap after GC invocations=23 (full 0):
 garbage-first heap   total 182272K, used 59730K [0x0000000089800000, 0x0000000100000000)
  region size 1024K, 3 young (3072K), 3 survivors (3072K)
 Metaspace       used 61019K, committed 61312K, reserved 1105920K
  class space    used 7201K, committed 7296K, reserved 1048576K
}
Event: 6.670 GC heap before
{Heap before GC invocations=24 (full 0):
 garbage-first heap   total 182272K, used 130386K [0x0000000089800000, 0x0000000100000000)
  region size 1024K, 72 young (73728K), 3 survivors (3072K)
 Metaspace       used 65608K, committed 65984K, reserved 1114112K
  class space    used 7715K, committed 7872K, reserved 1048576K
}
Event: 6.684 GC heap after
{Heap after GC invocations=25 (full 0):
 garbage-first heap   total 182272K, used 69186K [0x0000000089800000, 0x0000000100000000)
  region size 1024K, 9 young (9216K), 9 survivors (9216K)
 Metaspace       used 65608K, committed 65984K, reserved 1114112K
  class space    used 7715K, committed 7872K, reserved 1048576K
}
Event: 6.705 GC heap before
{Heap before GC invocations=25 (full 0):
 garbage-first heap   total 182272K, used 69186K [0x0000000089800000, 0x0000000100000000)
  region size 1024K, 10 young (10240K), 9 survivors (9216K)
 Metaspace       used 65754K, committed 66112K, reserved 1114112K
  class space    used 7725K, committed 7872K, reserved 1048576K
}
Event: 6.712 GC heap after
{Heap after GC invocations=26 (full 0):
 garbage-first heap   total 182272K, used 69993K [0x0000000089800000, 0x0000000100000000)
  region size 1024K, 2 young (2048K), 2 survivors (2048K)
 Metaspace       used 65754K, committed 66112K, reserved 1114112K
  class space    used 7725K, committed 7872K, reserved 1048576K
}
Event: 7.936 GC heap before
{Heap before GC invocations=26 (full 0):
 garbage-first heap   total 182272K, used 137577K [0x0000000089800000, 0x0000000100000000)
  region size 1024K, 67 young (68608K), 2 survivors (2048K)
 Metaspace       used 70228K, committed 70656K, reserved 1114112K
  class space    used 8121K, committed 8320K, reserved 1048576K
}
Event: 7.945 GC heap after
{Heap after GC invocations=27 (full 0):
 garbage-first heap   total 182272K, used 78848K [0x0000000089800000, 0x0000000100000000)
  region size 1024K, 9 young (9216K), 9 survivors (9216K)
 Metaspace       used 70228K, committed 70656K, reserved 1114112K
  class space    used 8121K, committed 8320K, reserved 1048576K
}
Event: 9.193 GC heap before
{Heap before GC invocations=27 (full 0):
 garbage-first heap   total 182272K, used 140288K [0x0000000089800000, 0x0000000100000000)
  region size 1024K, 69 young (70656K), 9 survivors (9216K)
 Metaspace       used 72673K, committed 73024K, reserved 1114112K
  class space    used 8339K, committed 8512K, reserved 1048576K
}
Event: 9.208 GC heap after
{Heap after GC invocations=28 (full 0):
 garbage-first heap   total 182272K, used 85770K [0x0000000089800000, 0x0000000100000000)
  region size 1024K, 7 young (7168K), 7 survivors (7168K)
 Metaspace       used 72673K, committed 73024K, reserved 1114112K
  class space    used 8339K, committed 8512K, reserved 1048576K
}
Event: 10.317 GC heap before
{Heap before GC invocations=28 (full 0):
 garbage-first heap   total 182272K, used 143114K [0x0000000089800000, 0x0000000100000000)
  region size 1024K, 63 young (64512K), 7 survivors (7168K)
 Metaspace       used 78856K, committed 79232K, reserved 1122304K
  class space    used 8940K, committed 9088K, reserved 1048576K
}
Event: 10.331 GC heap after
{Heap after GC invocations=29 (full 0):
 garbage-first heap   total 182272K, used 93175K [0x0000000089800000, 0x0000000100000000)
  region size 1024K, 8 young (8192K), 8 survivors (8192K)
 Metaspace       used 78856K, committed 79232K, reserved 1122304K
  class space    used 8940K, committed 9088K, reserved 1048576K
}
Event: 11.305 GC heap before
{Heap before GC invocations=29 (full 0):
 garbage-first heap   total 182272K, used 143351K [0x0000000089800000, 0x0000000100000000)
  region size 1024K, 57 young (58368K), 8 survivors (8192K)
 Metaspace       used 87493K, committed 87872K, reserved 1130496K
  class space    used 9851K, committed 10048K, reserved 1048576K
}
Event: 11.316 GC heap after
{Heap after GC invocations=30 (full 0):
 garbage-first heap   total 182272K, used 97270K [0x0000000089800000, 0x0000000100000000)
  region size 1024K, 5 young (5120K), 5 survivors (5120K)
 Metaspace       used 87493K, committed 87872K, reserved 1130496K
  class space    used 9851K, committed 10048K, reserved 1048576K
}
Event: 11.944 GC heap before
{Heap before GC invocations=30 (full 0):
 garbage-first heap   total 182272K, used 145398K [0x0000000089800000, 0x0000000100000000)
  region size 1024K, 52 young (53248K), 5 survivors (5120K)
 Metaspace       used 89603K, committed 89984K, reserved 1130496K
  class space    used 10015K, committed 10176K, reserved 1048576K
}
Event: 11.957 GC heap after
{Heap after GC invocations=31 (full 0):
 garbage-first heap   total 182272K, used 103143K [0x0000000089800000, 0x0000000100000000)
  region size 1024K, 6 young (6144K), 6 survivors (6144K)
 Metaspace       used 89603K, committed 89984K, reserved 1130496K
  class space    used 10015K, committed 10176K, reserved 1048576K
}
Event: 12.349 GC heap before
{Heap before GC invocations=31 (full 0):
 garbage-first heap   total 182272K, used 147175K [0x0000000089800000, 0x0000000100000000)
  region size 1024K, 49 young (50176K), 6 survivors (6144K)
 Metaspace       used 92116K, committed 92480K, reserved 1138688K
  class space    used 10212K, committed 10368K, reserved 1048576K
}
Event: 12.357 GC heap after
{Heap after GC invocations=32 (full 0):
 garbage-first heap   total 182272K, used 104882K [0x0000000089800000, 0x0000000100000000)
  region size 1024K, 2 young (2048K), 2 survivors (2048K)
 Metaspace       used 92116K, committed 92480K, reserved 1138688K
  class space    used 10212K, committed 10368K, reserved 1048576K
}
Event: 13.030 GC heap before
{Heap before GC invocations=32 (full 0):
 garbage-first heap   total 182272K, used 148914K [0x0000000089800000, 0x0000000100000000)
  region size 1024K, 45 young (46080K), 2 survivors (2048K)
 Metaspace       used 95261K, committed 95616K, reserved 1138688K
  class space    used 10436K, committed 10624K, reserved 1048576K
}

